search-details/search-details-integration-test/build/intermediates/manifest_merge_blame_file/debug/manifest-merger-blame-debug-report.txt
1<?xml version="1.0" encoding="utf-8"?>
2<manifest xmlns:android="http://schemas.android.com/apk/res/android"
3    package="com.karthyks.dice.app.test"
4    android:versionCode="1"
5    android:versionName="1.0.0" >
6
7    <uses-sdk
8        android:minSdkVersion="21"
8-->src/main/AndroidManifest.xml
9        android:targetSdkVersion="33" />
9-->src/main/AndroidManifest.xml
10
11    <permission
11-->[androidx.core:core:1.9.0] AndroidManifest.xml:22:5-24:47
12        android:name="com.karthyks.dice.app.test.DYNAMIC_RECEIVER_NOT_EXPORTED_PERMISSION"
12-->[androidx.core:core:1.9.0] AndroidManifest.xml:23:9-81
13        android:protectionLevel="signature" />
13-->[androidx.core:core:1.9.0] AndroidManifest.xml:24:9-44
14
15    <uses-permission android:name="com.karthyks.dice.app.test.DYNAMIC_RECEIVER_NOT_EXPORTED_PERMISSION" />
15-->[androidx.core:core:1.9.0] AndroidManifest.xml:26:5-97
15-->[androidx.core:core:1.9.0] AndroidManifest.xml:26:22-94
16    <uses-permission android:name="android.permission.REORDER_TASKS" />
16-->[androidx.test:core:1.4.0] AndroidManifest.xml:24:5-72
16-->[androidx.test:core:1.4.0] AndroidManifest.xml:24:22-69
17
18    <application
18-->[androidx.compose.ui:ui-test-manifest:1.3.2] AndroidManifest.xml:22:5-26:19
19        android:appComponentFactory="androidx.core.app.CoreComponentFactory"
19-->[androidx.core:core:1.9.0] AndroidManifest.xml:28:18-86
20        android:debuggable="true" >
21        <activity
21-->[androidx.compose.ui:ui-test-manifest:1.3.2] AndroidManifest.xml:23:9-25:39
22            android:name="androidx.activity.ComponentActivity"
22-->[androidx.compose.ui:ui-test-manifest:1.3.2] AndroidManifest.xml:24:13-63
23            android:exported="true" />
23-->[androidx.compose.ui:ui-test-manifest:1.3.2] AndroidManifest.xml:25:13-36
24        <activity
24-->[androidx.compose.ui:ui-tooling:1.3.2] AndroidManifest.xml:23:9-25:39
25            android:name="androidx.compose.ui.tooling.PreviewActivity"
25-->[androidx.compose.ui:ui-tooling:1.3.2] AndroidManifest.xml:24:13-71
26            android:exported="true" />
26-->[androidx.compose.ui:ui-tooling:1.3.2] AndroidManifest.xml:25:13-36
27        <activity
27-->[androidx.test:core:1.4.0] AndroidManifest.xml:27:9-34:20
28            android:name="androidx.test.core.app.InstrumentationActivityInvoker$BootstrapActivity"
28-->[androidx.test:core:1.4.0] AndroidManifest.xml:28:13-99
29            android:exported="true"
29-->[androidx.test:core:1.4.0] AndroidManifest.xml:29:13-36
30            android:theme="@android:style/Theme" >
30-->[androidx.test:core:1.4.0] AndroidManifest.xml:30:13-49
31            <intent-filter>
31-->[androidx.test:core:1.4.0] AndroidManifest.xml:31:13-33:29
32                <action android:name="android.intent.action.MAIN" />
32-->[androidx.test:core:1.4.0] AndroidManifest.xml:32:17-69
32-->[androidx.test:core:1.4.0] AndroidManifest.xml:32:25-66
33            </intent-filter>
34        </activity>
35        <activity
35-->[androidx.test:core:1.4.0] AndroidManifest.xml:35:9-42:20
36            android:name="androidx.test.core.app.InstrumentationActivityInvoker$EmptyActivity"
36-->[androidx.test:core:1.4.0] AndroidManifest.xml:36:13-95
37            android:exported="true"
37-->[androidx.test:core:1.4.0] AndroidManifest.xml:37:13-36
38            android:theme="@android:style/Theme" >
38-->[androidx.test:core:1.4.0] AndroidManifest.xml:38:13-49
39            <intent-filter>
39-->[androidx.test:core:1.4.0] AndroidManifest.xml:31:13-33:29
40                <action android:name="android.intent.action.MAIN" />
40-->[androidx.test:core:1.4.0] AndroidManifest.xml:32:17-69
40-->[androidx.test:core:1.4.0] AndroidManifest.xml:32:25-66
41            </intent-filter>
42        </activity>
43        <activity
43-->[androidx.test:core:1.4.0] AndroidManifest.xml:43:9-50:20
44            android:name="androidx.test.core.app.InstrumentationActivityInvoker$EmptyFloatingActivity"
44-->[androidx.test:core:1.4.0] AndroidManifest.xml:44:13-103
45            android:exported="true"
45-->[androidx.test:core:1.4.0] AndroidManifest.xml:45:13-36
46            android:theme="@android:style/Theme.Dialog" >
46-->[androidx.test:core:1.4.0] AndroidManifest.xml:46:13-56
47            <intent-filter>
47-->[androidx.test:core:1.4.0] AndroidManifest.xml:31:13-33:29
48                <action android:name="android.intent.action.MAIN" />
48-->[androidx.test:core:1.4.0] AndroidManifest.xml:32:17-69
48-->[androidx.test:core:1.4.0] AndroidManifest.xml:32:25-66
49            </intent-filter>
50        </activity>
51
52        <provider
52-->[androidx.profileinstaller:profileinstaller:1.2.0] AndroidManifest.xml:25:9-33:20
53            android:name="androidx.startup.InitializationProvider"
53-->[androidx.profileinstaller:profileinstaller:1.2.0] AndroidManifest.xml:26:13-67
54            android:authorities="com.karthyks.dice.app.test.androidx-startup"
54-->[androidx.profileinstaller:profileinstaller:1.2.0] AndroidManifest.xml:27:13-68
55            android:exported="false" >
55-->[androidx.profileinstaller:profileinstaller:1.2.0] AndroidManifest.xml:28:13-37
56            <meta-data
56-->[androidx.profileinstaller:profileinstaller:1.2.0] AndroidManifest.xml:30:13-32:52
57                android:name="androidx.profileinstaller.ProfileInstallerInitializer"
57-->[androidx.profileinstaller:profileinstaller:1.2.0] AndroidManifest.xml:31:17-85
58                android:value="androidx.startup" />
58-->[androidx.profileinstaller:profileinstaller:1.2.0] AndroidManifest.xml:32:17-49
59        </provider>
60
61        <receiver
61-->[androidx.profileinstaller:profileinstaller:1.2.0] AndroidManifest.xml:35:9-47:20
62            android:name="androidx.profileinstaller.ProfileInstallReceiver"
62-->[androidx.profileinstaller:profileinstaller:1.2.0] AndroidManifest.xml:36:13-76
63            android:directBootAware="false"
63-->[androidx.profileinstaller:profileinstaller:1.2.0] AndroidManifest.xml:37:13-44
64            android:enabled="true"
64-->[androidx.profileinstaller:profileinstaller:1.2.0] AndroidManifest.xml:38:13-35
65            android:exported="true"
65-->[androidx.profileinstaller:profileinstaller:1.2.0] AndroidManifest.xml:39:13-36
66            android:permission="android.permission.DUMP" >
66-->[androidx.profileinstaller:profileinstaller:1.2.0] AndroidManifest.xml:40:13-57
67            <intent-filter>
67-->[androidx.profileinstaller:profileinstaller:1.2.0] AndroidManifest.xml:41:13-43:29
68                <action android:name="androidx.profileinstaller.action.INSTALL_PROFILE" />
68-->[androidx.profileinstaller:profileinstaller:1.2.0] AndroidManifest.xml:42:17-91
68-->[androidx.profileinstaller:profileinstaller:1.2.0] AndroidManifest.xml:42:25-88
69            </intent-filter>
70            <intent-filter>
70-->[androidx.profileinstaller:profileinstaller:1.2.0] AndroidManifest.xml:44:13-46:29
71                <action android:name="androidx.profileinstaller.action.SKIP_FILE" />
71-->[androidx.profileinstaller:profileinstaller:1.2.0] AndroidManifest.xml:45:17-85
71-->[androidx.profileinstaller:profileinstaller:1.2.0] AndroidManifest.xml:45:25-82
72            </intent-filter>
73        </receiver>
74    </application>
75
76</manifest>